

Microchip Technology PIC18 LITE Macro Assembler V1.34 build -361300703 
                                                                                               Sat Jul 11 01:03:04 2015

Microchip Technology Omniscient Code Generator (Lite mode) build 201502162209
     1                           	processor	18F8722
     2                           	fnconf	rparam,??,?,0
     3                           	opt	pw 120
     4                           	opt	lm
     5                           	psect	text0,global,reloc=2,class=CODE,delta=1
     6                           	psect	cinit,global,reloc=2,class=CODE,delta=1
     7                           	psect	cstackCOMRAM,global,class=COMRAM,space=1,delta=1
     8                           	psect	text1,global,reloc=2,class=CODE,delta=1
     9                           	psect	text2,global,reloc=2,class=CODE,delta=1
    10                           	psect	intsave_regs,global,class=BIGRAM,space=1,delta=1
    11                           	psect	rparam,global,class=COMRAM,space=1,delta=1
    12  0000                     _BAUDCON1	set	3966
    13  0000                     _OSCCON	set	4051
    14  0000                     _PORTD	set	3971
    15  0000                     _TRISD	set	3989
    16                           
    17 ;;
    18 ;;Main: autosize = 0, tempsize = 0, incstack = 0, save=0
    19 ;;
    20 ;; *************** function _main *****************
    21 ;; Defined at:
    22 ;;		line 11 in file "LEDCountdown.c"
    23 ;; Parameters:    Size  Location     Type
    24 ;;		None
    25 ;; Auto vars:     Size  Location     Type
    26 ;;  x               1    1[COMRAM] unsigned char 
    27 ;; Return value:  Size  Location     Type
    28 ;;		None               void
    29 ;; Registers used:
    30 ;;		wreg, status,2, status,0, cstack
    31 ;; Tracked objects:
    32 ;;		On entry : 0/0
    33 ;;		On exit  : 0/0
    34 ;;		Unchanged: 0/0
    35 ;; Data sizes:     COMRAM   BANK0   BANK1   BANK2   BANK3   BANK4   BANK5   BANK6   BANK7   BANK8   BANK9  BANK10  BANK1
      +1  BANK12  BANK13  BANK14  BANK15
    36 ;;      Params:         0       0       0       0       0       0       0       0       0       0       0       0       
      +0       0       0       0       0
    37 ;;      Locals:         1       0       0       0       0       0       0       0       0       0       0       0       
      +0       0       0       0       0
    38 ;;      Temps:          0       0       0       0       0       0       0       0       0       0       0       0       
      +0       0       0       0       0
    39 ;;      Totals:         1       0       0       0       0       0       0       0       0       0       0       0       
      +0       0       0       0       0
    40 ;;Total ram usage:        1 bytes
    41 ;; Hardware stack levels required when called:    1
    42 ;; This function calls:
    43 ;;		_Delay1KTCYx
    44 ;;		_baud1USART
    45 ;; This function is called by:
    46 ;;		Startup code after reset
    47 ;; This function uses a non-reentrant model
    48 ;;
    49                           
    50                           	psect	text0
    51  01FFD4                     __ptext0:
    52                           	opt stack 0
    53  01FFD4                     _main:
    54                           	opt stack 30
    55                           
    56                           ;LEDCountdown.c: 14: baud1USART(9600);
    57                           
    58                           ;incstack = 0
    59  01FFD4  0E80               	movlw	128
    60  01FFD6  ECDD  F0FF         	call	_baud1USART
    61                           
    62                           ;LEDCountdown.c: 16: TRISD = 0x00;
    63  01FFDA  0E00               	movlw	0
    64  01FFDC  6E95               	movwf	3989,c	;volatile
    65                           
    66                           ;LEDCountdown.c: 17: OSCCON = OSCCON | 0x70;
    67  01FFDE  50D3               	movf	4051,w,c	;volatile
    68  01FFE0  0970               	iorlw	112
    69  01FFE2  6ED3               	movwf	4051,c	;volatile
    70  01FFE4  D009               	goto	l633
    71  01FFE6                     l625:
    72                           
    73                           ;LEDCountdown.c: 20: {
    74                           ;LEDCountdown.c: 21: x -= 1;
    75  01FFE6  0602               	decf	main@x,f,c
    76                           
    77                           ;LEDCountdown.c: 22: PORTD = x;
    78  01FFE8  C002  FF83         	movff	main@x,3971	;volatile
    79                           
    80                           ;LEDCountdown.c: 24: Delay1KTCYx(100);
    81  01FFEC  0E64               	movlw	100
    82  01FFEE  ECE1  F0FF         	call	_Delay1KTCYx
    83                           
    84                           ;LEDCountdown.c: 26: if(x == 0)
    85  01FFF2  5002               	movf	main@x,w,c
    86  01FFF4  A4D8               	btfss	status,2,c
    87  01FFF6  D7F7               	goto	l625
    88  01FFF8                     l633:
    89                           
    90                           ;LEDCountdown.c: 27: {
    91                           ;LEDCountdown.c: 28: x = 255;
    92  01FFF8  6802               	setf	main@x,c
    93  01FFFA  D7F5               	goto	l625
    94  01FFFC  EF00  F000         	goto	start
    95  020000                     __end_of_main:
    96                           	opt stack 0
    97                           status	equ	0xFD8
    98                           
    99                           	psect	cinit
   100  01FFB4                     __pcinit:
   101                           	opt stack 0
   102  01FFB4                     start_initialization:
   103                           	opt stack 0
   104  01FFB4                     __initialization:
   105                           	opt stack 0
   106  01FFB4                     end_of_initialization:
   107                           	opt stack 0
   108  01FFB4                     __end_of__initialization:
   109                           	opt stack 0
   110  01FFB4  0100               	movlb	0
   111  01FFB6  EFEA  F0FF         	goto	_main	;jump to C main() function
   112                           status	equ	0xFD8
   113                           
   114                           	psect	cstackCOMRAM
   115  000001                     __pcstackCOMRAM:
   116                           	opt stack 0
   117  000001                     baud1USART@baudconfig:
   118                           	opt stack 0
   119  000001                     Delay1KTCYx@unit:
   120                           	opt stack 0
   121                           
   122                           ; 1 bytes @ 0x0
   123  000001                     	ds	1
   124  000002                     main@x:
   125                           	opt stack 0
   126                           
   127                           ; 1 bytes @ 0x1
   128  000002                     	ds	1
   129                           status	equ	0xFD8
   130                           
   131 ;; *************** function _baud1USART *****************
   132 ;; Defined at:
   133 ;;		line 18 in file "/opt/microchip/xc8/v1.34/sources/pic18/plib/USART/u1baud.c"
   134 ;; Parameters:    Size  Location     Type
   135 ;;  baudconfig      1    wreg     unsigned char 
   136 ;; Auto vars:     Size  Location     Type
   137 ;;  baudconfig      1    0[COMRAM] unsigned char 
   138 ;; Return value:  Size  Location     Type
   139 ;;		None               void
   140 ;; Registers used:
   141 ;;		wreg
   142 ;; Tracked objects:
   143 ;;		On entry : 0/0
   144 ;;		On exit  : 0/0
   145 ;;		Unchanged: 0/0
   146 ;; Data sizes:     COMRAM   BANK0   BANK1   BANK2   BANK3   BANK4   BANK5   BANK6   BANK7   BANK8   BANK9  BANK10  BANK1
      +1  BANK12  BANK13  BANK14  BANK15
   147 ;;      Params:         0       0       0       0       0       0       0       0       0       0       0       0       
      +0       0       0       0       0
   148 ;;      Locals:         1       0       0       0       0       0       0       0       0       0       0       0       
      +0       0       0       0       0
   149 ;;      Temps:          0       0       0       0       0       0       0       0       0       0       0       0       
      +0       0       0       0       0
   150 ;;      Totals:         1       0       0       0       0       0       0       0       0       0       0       0       
      +0       0       0       0       0
   151 ;;Total ram usage:        1 bytes
   152 ;; Hardware stack levels used:    1
   153 ;; This function calls:
   154 ;;		Nothing
   155 ;; This function is called by:
   156 ;;		_main
   157 ;; This function uses a non-reentrant model
   158 ;;
   159                           
   160                           	psect	text1
   161  01FFBA                     __ptext1:
   162                           	opt stack 0
   163  01FFBA                     _baud1USART:
   164                           	opt stack 30
   165                           
   166                           ;incstack = 0
   167                           ;baud1USART@baudconfig stored from wreg
   168  01FFBA  6E01               	movwf	baud1USART@baudconfig,c
   169  01FFBC  C001  FF7E         	movff	baud1USART@baudconfig,3966	;volatile
   170  01FFC0  0012               	return		;funcret
   171  01FFC2                     __end_of_baud1USART:
   172                           	opt stack 0
   173                           status	equ	0xFD8
   174                           
   175 ;; *************** function _Delay1KTCYx *****************
   176 ;; Defined at:
   177 ;;		line 8 in file "/opt/microchip/xc8/v1.34/sources/pic18/d1ktcyx.c"
   178 ;; Parameters:    Size  Location     Type
   179 ;;  unit            1    wreg     unsigned char 
   180 ;; Auto vars:     Size  Location     Type
   181 ;;  unit            1    0[COMRAM] unsigned char 
   182 ;; Return value:  Size  Location     Type
   183 ;;		None               void
   184 ;; Registers used:
   185 ;;		wreg
   186 ;; Tracked objects:
   187 ;;		On entry : 0/0
   188 ;;		On exit  : 0/0
   189 ;;		Unchanged: 0/0
   190 ;; Data sizes:     COMRAM   BANK0   BANK1   BANK2   BANK3   BANK4   BANK5   BANK6   BANK7   BANK8   BANK9  BANK10  BANK1
      +1  BANK12  BANK13  BANK14  BANK15
   191 ;;      Params:         0       0       0       0       0       0       0       0       0       0       0       0       
      +0       0       0       0       0
   192 ;;      Locals:         1       0       0       0       0       0       0       0       0       0       0       0       
      +0       0       0       0       0
   193 ;;      Temps:          0       0       0       0       0       0       0       0       0       0       0       0       
      +0       0       0       0       0
   194 ;;      Totals:         1       0       0       0       0       0       0       0       0       0       0       0       
      +0       0       0       0       0
   195 ;;Total ram usage:        1 bytes
   196 ;; Hardware stack levels used:    1
   197 ;; This function calls:
   198 ;;		Nothing
   199 ;; This function is called by:
   200 ;;		_main
   201 ;; This function uses a non-reentrant model
   202 ;;
   203                           
   204                           	psect	text2
   205  01FFC2                     __ptext2:
   206                           	opt stack 0
   207  01FFC2                     _Delay1KTCYx:
   208                           	opt stack 30
   209                           
   210                           ;incstack = 0
   211                           ;Delay1KTCYx@unit stored from wreg
   212  01FFC2  6E01               	movwf	Delay1KTCYx@unit,c
   213  01FFC4  0EFA               	movlw	250
   214  01FFC6                     u27:
   215  01FFC6  F000               	nop	
   216  01FFC8  2EE8               	decfsz	wreg,f,c
   217  01FFCA  D7FD               	goto	u27
   218  01FFCC  2E01               	decfsz	Delay1KTCYx@unit,f,c
   219  01FFCE  D7FA               	goto	l613
   220  01FFD0  D000               	goto	l250
   221  01FFD2                     l250:
   222  01FFD2  0012               	return		;funcret
   223  01FFD4                     __end_of_Delay1KTCYx:
   224                           	opt stack 0
   225  0000                     wreg	equ	0xFE8
   226                           status	equ	0xFD8
   227                           wreg	equ	0xFE8
   228                           status	equ	0xFD8
   229                           
   230                           	psect	rparam
   231  0000                     wreg	equ	0xFE8
   232                           status	equ	0xFD8


Data Sizes:
    Strings     0
    Constant    0
    Data        0
    BSS         0
    Persistent  0
    Stack       0

Auto Spaces:
    Space          Size  Autos    Used
    COMRAM           95      2       2
    BANK0           160      0       0
    BANK1           256      0       0
    BANK2           256      0       0
    BANK3           256      0       0
    BANK4           256      0       0
    BANK5           256      0       0
    BANK6           256      0       0
    BANK7           256      0       0
    BANK8           256      0       0
    BANK9           256      0       0
    BANK10          256      0       0
    BANK11          256      0       0
    BANK12          256      0       0
    BANK13          256      0       0
    BANK14          256      0       0
    BANK15           96      0       0

Pointer List with Targets:

    None.

Critical Paths under _main in COMRAM

    _main->_Delay1KTCYx
    _main->_baud1USART

Critical Paths under _main in BANK0

    None.

Critical Paths under _main in BANK1

    None.

Critical Paths under _main in BANK2

    None.

Critical Paths under _main in BANK3

    None.

Critical Paths under _main in BANK4

    None.

Critical Paths under _main in BANK5

    None.

Critical Paths under _main in BANK6

    None.

Critical Paths under _main in BANK7

    None.

Critical Paths under _main in BANK8

    None.

Critical Paths under _main in BANK9

    None.

Critical Paths under _main in BANK10

    None.

Critical Paths under _main in BANK11

    None.

Critical Paths under _main in BANK12

    None.

Critical Paths under _main in BANK13

    None.

Critical Paths under _main in BANK14

    None.

Critical Paths under _main in BANK15

    None.

Call Graph Tables:

 ---------------------------------------------------------------------------------
 (Depth) Function   	        Calls       Base Space   Used Autos Params    Refs
 ---------------------------------------------------------------------------------
 (0) _main                                                 1     1      0      60
                                              1 COMRAM     1     1      0
                        _Delay1KTCYx
                         _baud1USART
 ---------------------------------------------------------------------------------
 (1) _baud1USART                                           1     1      0      15
                                              0 COMRAM     1     1      0
 ---------------------------------------------------------------------------------
 (1) _Delay1KTCYx                                          1     1      0      15
                                              0 COMRAM     1     1      0
 ---------------------------------------------------------------------------------
 Estimated maximum stack depth 1
 ---------------------------------------------------------------------------------

 Call Graph Graphs:

 _main (ROOT)
   _Delay1KTCYx
   _baud1USART

 Address spaces:
Name               Size   Autos  Total    Cost      Usage
BITCOMRAM           5F      0       0       0        0.0%
EEDATA             400      0       0       0        0.0%
NULL                 0      0       0       0        0.0%
CODE                 0      0       0       0        0.0%
COMRAM              5F      2       2       1        2.1%
STACK                0      0       0       2        0.0%
DATA                 0      0       0       3        0.0%
BITBANK0            A0      0       0       4        0.0%
BANK0               A0      0       0       5        0.0%
BITBANK1           100      0       0       6        0.0%
BANK1              100      0       0       7        0.0%
BITBANK2           100      0       0       8        0.0%
BANK2              100      0       0       9        0.0%
BITBANK3           100      0       0      10        0.0%
BANK3              100      0       0      11        0.0%
BITBANK4           100      0       0      12        0.0%
BANK4              100      0       0      13        0.0%
BITBANK5           100      0       0      14        0.0%
BANK5              100      0       0      15        0.0%
BITBANK6           100      0       0      16        0.0%
BANK6              100      0       0      17        0.0%
BITBANK7           100      0       0      18        0.0%
BANK7              100      0       0      19        0.0%
BITBANK8           100      0       0      20        0.0%
BANK8              100      0       0      21        0.0%
BITBANK9           100      0       0      22        0.0%
BANK9              100      0       0      23        0.0%
BITBANK10          100      0       0      24        0.0%
BANK10             100      0       0      25        0.0%
BITBANK11          100      0       0      26        0.0%
BANK11             100      0       0      27        0.0%
BITBANK12          100      0       0      28        0.0%
BANK12             100      0       0      29        0.0%
BITBANK13          100      0       0      30        0.0%
BANK13             100      0       0      31        0.0%
ABS                  0      0       0      32        0.0%
BITBANK14          100      0       0      33        0.0%
BANK14             100      0       0      34        0.0%
BITBANK15           60      0       0      35        0.0%
BANK15              60      0       0      36        0.0%
BIGRAM             F5F      0       0      37        0.0%
BITSFR               0      0       0      40        0.0%
SFR                  0      0       0      40        0.0%


Microchip Technology PIC18 Macro Assembler V1.34 build -361300703 
Symbol Table                                                                                   Sat Jul 11 01:03:04 2015

                     u27 FFC6              __CFG_OSC$HS 000000                      l250 FFD2  
                    l613 FFC4                      l633 FFF8                      l625 FFE6  
                    wreg 000FE8             __CFG_WDT$OFF 000000                     _main FFD4  
                   start 0000             ___param_bank 000010              _Delay1KTCYx FFC2  
                  ?_main 0001                    _PORTD 000F83                    _TRISD 000F95  
         __CFG_FCMEN$OFF 000000                    main@x 0002                    status 000FD8  
        __initialization FFB4             __end_of_main 0000                   ??_main 0002  
          __activetblptr 000000                   _OSCCON 000FD3               __accesstop 0060  
__end_of__initialization FFB4            ___rparam_used 000001           __pcstackCOMRAM 0001  
             _baud1USART FFBA             ?_Delay1KTCYx 0001                  __Hparam 0000  
                __Lparam 0000              ?_baud1USART 0001                  __pcinit FFB4  
                __ramtop 1000                  __ptext0 FFD4                  __ptext1 FFBA  
                __ptext2 FFC2     end_of_initialization FFB4      __size_of_baud1USART 0008  
   __size_of_Delay1KTCYx 0012      start_initialization FFB4          Delay1KTCYx@unit 0001  
           ??_baud1USART 0001     baud1USART@baudconfig 0001                 _BAUDCON1 000F7E  
     __end_of_baud1USART FFC2                 __Hrparam 0000                 __Lrparam 0000  
          __size_of_main 002C            ??_Delay1KTCYx 0001      __end_of_Delay1KTCYx FFD4  
