

Microchip Technology PIC18 LITE Macro Assembler V1.34 build -361300703 
                                                                                               Sat Jul 11 00:23:31 2015

Microchip Technology Omniscient Code Generator (Lite mode) build 201502162209
     1                           	processor	18F8722
     2                           	fnconf	rparam,??,?,0
     3                           	opt	pw 120
     4                           	opt	lm
     5                           	psect	text0,global,reloc=2,class=CODE,delta=1
     6                           	psect	cinit,global,reloc=2,class=CODE,delta=1
     7                           	psect	cstackCOMRAM,global,class=COMRAM,space=1,delta=1
     8                           	psect	intsave_regs,global,class=BIGRAM,space=1,delta=1
     9                           	psect	rparam,global,class=COMRAM,space=1,delta=1
    10  0000                     _PORTD	set	3971
    11  0000                     _TRISD	set	3989
    12  0000                     _OSCCON	set	4051
    13                           
    14 ;;
    15 ;;Main: autosize = 0, tempsize = 0, incstack = 0, save=0
    16 ;;
    17 ;; *************** function _main *****************
    18 ;; Defined at:
    19 ;;		line 12 in file "LEDCountdown.c"
    20 ;; Parameters:    Size  Location     Type
    21 ;;		None
    22 ;; Auto vars:     Size  Location     Type
    23 ;;  x               1    0[COMRAM] unsigned char 
    24 ;; Return value:  Size  Location     Type
    25 ;;		None               void
    26 ;; Registers used:
    27 ;;		wreg, status,2, status,0
    28 ;; Tracked objects:
    29 ;;		On entry : 0/0
    30 ;;		On exit  : 0/0
    31 ;;		Unchanged: 0/0
    32 ;; Data sizes:     COMRAM   BANK0   BANK1   BANK2   BANK3   BANK4   BANK5   BANK6   BANK7   BANK8   BANK9  BANK10  BANK1
      +1  BANK12  BANK13  BANK14  BANK15
    33 ;;      Params:         0       0       0       0       0       0       0       0       0       0       0       0       
      +0       0       0       0       0
    34 ;;      Locals:         1       0       0       0       0       0       0       0       0       0       0       0       
      +0       0       0       0       0
    35 ;;      Temps:          0       0       0       0       0       0       0       0       0       0       0       0       
      +0       0       0       0       0
    36 ;;      Totals:         1       0       0       0       0       0       0       0       0       0       0       0       
      +0       0       0       0       0
    37 ;;Total ram usage:        1 bytes
    38 ;; This function calls:
    39 ;;		Nothing
    40 ;; This function is called by:
    41 ;;		Startup code after reset
    42 ;; This function uses a non-reentrant model
    43 ;;
    44                           
    45                           	psect	text0
    46  01FCEA                     __ptext0:
    47                           	opt stack 0
    48  01FCEA                     _main:
    49                           	opt stack 0
    50                           
    51                           ;incstack = 0
    52  01FCEA  D006               	goto	l606
    53  01FCEC                     l600:
    54                           
    55                           ;LEDCountdown.c: 16: {
    56                           ;LEDCountdown.c: 17: x--;
    57  01FCEC  0601               	decf	main@x,f,c
    58                           
    59                           ;LEDCountdown.c: 18: PORTD = x;
    60  01FCEE  C001  FF83         	movff	main@x,3971	;volatile
    61                           
    62                           ;LEDCountdown.c: 20: if(x == 0)
    63  01FCF2  5001               	movf	main@x,w,c
    64  01FCF4  A4D8               	btfss	status,2,c
    65  01FCF6  D7FA               	goto	l600
    66  01FCF8                     l606:
    67                           
    68                           ;LEDCountdown.c: 21: {
    69                           ;LEDCountdown.c: 22: x = 255;
    70  01FCF8  6801               	setf	main@x,c
    71  01FCFA  D7F8               	goto	l600
    72  01FCFC  EF01  F000         	goto	start
    73  01FD00                     __end_of_main:
    74                           	opt stack 0
    75  0000                     status	equ	0xFD8
    76                           
    77                           	psect	cinit
    78  01FCE4                     __pcinit:
    79                           	opt stack 0
    80  01FCE4                     start_initialization:
    81                           	opt stack 0
    82  01FCE4                     __initialization:
    83                           	opt stack 0
    84  01FCE4                     end_of_initialization:
    85                           	opt stack 0
    86  01FCE4                     __end_of__initialization:
    87                           	opt stack 0
    88  01FCE4  0100               	movlb	0
    89  01FCE6  EF75  F0FE         	goto	_main	;jump to C main() function
    90                           status	equ	0xFD8
    91                           
    92                           	psect	cstackCOMRAM
    93  000001                     __pcstackCOMRAM:
    94                           	opt stack 0
    95  000001                     main@x:
    96                           	opt stack 0
    97                           
    98                           ; 1 bytes @ 0x0
    99  000001                     	ds	1
   100                           status	equ	0xFD8
   101                           status	equ	0xFD8
   102                           
   103                           	psect	rparam
   104  0000                     status	equ	0xFD8


Data Sizes:
    Strings     0
    Constant    0
    Data        0
    BSS         0
    Persistent  0
    Stack       0

Auto Spaces:
    Space          Size  Autos    Used
    COMRAM           95      1       1
    BANK0           160      0       0
    BANK1           256      0       0
    BANK2           256      0       0
    BANK3           256      0       0
    BANK4           256      0       0
    BANK5           256      0       0
    BANK6           256      0       0
    BANK7           256      0       0
    BANK8           256      0       0
    BANK9           256      0       0
    BANK10          256      0       0
    BANK11          256      0       0
    BANK12          256      0       0
    BANK13          256      0       0
    BANK14          239      0       0
    BANK15           96      0       0

Pointer List with Targets:

    None.

Critical Paths under _main in COMRAM

    None.

Critical Paths under _main in BANK0

    None.

Critical Paths under _main in BANK1

    None.

Critical Paths under _main in BANK2

    None.

Critical Paths under _main in BANK3

    None.

Critical Paths under _main in BANK4

    None.

Critical Paths under _main in BANK5

    None.

Critical Paths under _main in BANK6

    None.

Critical Paths under _main in BANK7

    None.

Critical Paths under _main in BANK8

    None.

Critical Paths under _main in BANK9

    None.

Critical Paths under _main in BANK10

    None.

Critical Paths under _main in BANK11

    None.

Critical Paths under _main in BANK12

    None.

Critical Paths under _main in BANK13

    None.

Critical Paths under _main in BANK14

    None.

Critical Paths under _main in BANK15

    None.

Call Graph Tables:

 ---------------------------------------------------------------------------------
 (Depth) Function   	        Calls       Base Space   Used Autos Params    Refs
 ---------------------------------------------------------------------------------
 (0) _main                                                 1     1      0      30
                                              0 COMRAM     1     1      0
 ---------------------------------------------------------------------------------
 Estimated maximum stack depth 0
 ---------------------------------------------------------------------------------

 Call Graph Graphs:

 _main (ROOT)

 Address spaces:
Name               Size   Autos  Total    Cost      Usage
BITCOMRAM           5F      0       0       0        0.0%
EEDATA             400      0       0       0        0.0%
NULL                 0      0       0       0        0.0%
CODE                 0      0       0       0        0.0%
COMRAM              5F      1       1       1        1.1%
STACK                0      0       0       2        0.0%
DATA                 0      0       0       3        0.0%
BITBANK0            A0      0       0       4        0.0%
BANK0               A0      0       0       5        0.0%
ABS                  0      0       0       6        0.0%
BITBANK1           100      0       0       7        0.0%
BANK1              100      0       0       8        0.0%
BITBANK2           100      0       0       9        0.0%
BANK2              100      0       0      10        0.0%
BITBANK3           100      0       0      11        0.0%
BANK3              100      0       0      12        0.0%
BITBANK4           100      0       0      13        0.0%
BANK4              100      0       0      14        0.0%
BITBANK5           100      0       0      15        0.0%
BANK5              100      0       0      16        0.0%
BITBANK6           100      0       0      17        0.0%
BANK6              100      0       0      18        0.0%
BITBANK7           100      0       0      19        0.0%
BANK7              100      0       0      20        0.0%
BITBANK8           100      0       0      21        0.0%
BANK8              100      0       0      22        0.0%
BITBANK9           100      0       0      23        0.0%
BANK9              100      0       0      24        0.0%
BITBANK10          100      0       0      25        0.0%
BANK10             100      0       0      26        0.0%
BITBANK11          100      0       0      27        0.0%
BANK11             100      0       0      28        0.0%
BITBANK12          100      0       0      29        0.0%
BANK12             100      0       0      30        0.0%
BITBANK13          100      0       0      31        0.0%
BANK13             100      0       0      32        0.0%
BITBANK14           EF      0       0      33        0.0%
BANK14              EF      0       0      34        0.0%
BITBANK15           60      0       0      35        0.0%
BANK15              60      0       0      36        0.0%
BIGRAM_1            60      0       0      37        0.0%
BIGRAM             EEE      0       0      38        0.0%
BITSFR_5             0      0       0      40        0.0%
SFR_5                0      0       0      40        0.0%
BITSFR_4             0      0       0      40        0.0%
SFR_4                0      0       0      40        0.0%
BITSFR_3             0      0       0      40        0.0%
SFR_3                0      0       0      40        0.0%
BITSFR_2             0      0       0      40        0.0%
SFR_2                0      0       0      40        0.0%
BITSFR_1             0      0       0      40        0.0%
SFR_1                0      0       0      40        0.0%
BITSFR               0      0       0      40        0.0%
SFR                  0      0       0      40        0.0%


Microchip Technology PIC18 Macro Assembler V1.34 build -361300703 
Symbol Table                                                                                   Sat Jul 11 00:23:31 2015

            __CFG_OSC$HS 000000                      l600 FCEC                      l606 FCF8  
           __CFG_WDT$OFF 000000                     _main FCEA                     start 0002  
           ___param_bank 000010                    ?_main 0001                    _PORTD 000F83  
                  _TRISD 000F95           __CFG_FCMEN$OFF 000000                    main@x 0001  
                  status 000FD8          __initialization FCE4             __end_of_main FD00  
                 ??_main 0001            __activetblptr 000000                   _OSCCON 000FD3  
             __accesstop 0060  __end_of__initialization FCE4            ___rparam_used 000001  
         __pcstackCOMRAM 0001                  __Hparam 0000                  __Lparam 0000  
                __pcinit FCE4                  __ramtop 1000                  __ptext0 FCEA  
   end_of_initialization FCE4      start_initialization FCE4                 __Hrparam 0000  
               __Lrparam 0000            __size_of_main 0016  
